<?xml version="1.0" encoding="UTF-8"?>
<coverage generated="1636563864608" clover="3.2.0">
  <project timestamp="1636563864608" name="All files">
    <metrics statements="99" coveredstatements="90" conditionals="50" coveredconditionals="32" methods="7" coveredmethods="7" elements="156" coveredelements="129" complexity="0" loc="99" ncloc="99" packages="1" files="4" classes="4"/>
    <file name="check-id-integrity.ts" path="/home/captweiss/Documents/githubRepos/myOpenSourcedProject/vridgen/src/check-id-integrity.ts">
      <metrics statements="21" coveredstatements="20" conditionals="15" coveredconditionals="11" methods="2" coveredmethods="2"/>
      <line num="1" count="1" type="stmt"/>
      <line num="4" count="1" type="stmt"/>
      <line num="5" count="1" type="stmt"/>
      <line num="6" count="1" type="cond" truecount="3" falsecount="1"/>
      <line num="10" count="1" type="stmt"/>
      <line num="11" count="1" type="stmt"/>
      <line num="12" count="1" type="stmt"/>
      <line num="13" count="1" type="stmt"/>
      <line num="14" count="1" type="stmt"/>
      <line num="17" count="1" type="stmt"/>
      <line num="18" count="1" type="stmt"/>
      <line num="19" count="7" type="cond" truecount="5" falsecount="0"/>
      <line num="20" count="6" type="stmt"/>
      <line num="21" count="6" type="stmt"/>
      <line num="23" count="7" type="stmt"/>
      <line num="25" count="1" type="stmt"/>
      <line num="26" count="1" type="cond" truecount="1" falsecount="1"/>
      <line num="27" count="0" type="stmt"/>
      <line num="29" count="1" type="cond" truecount="1" falsecount="1"/>
      <line num="30" count="1" type="cond" truecount="1" falsecount="1"/>
      <line num="31" count="1" type="stmt"/>
    </file>
    <file name="create-random-id.ts" path="/home/captweiss/Documents/githubRepos/myOpenSourcedProject/vridgen/src/create-random-id.ts">
      <metrics statements="36" coveredstatements="34" conditionals="9" coveredconditionals="7" methods="2" coveredmethods="2"/>
      <line num="1" count="1" type="stmt"/>
      <line num="2" count="1" type="stmt"/>
      <line num="5" count="1" type="stmt"/>
      <line num="6" count="1" type="stmt"/>
      <line num="7" count="1" type="stmt"/>
      <line num="8" count="1" type="stmt"/>
      <line num="9" count="3" type="cond" truecount="1" falsecount="1"/>
      <line num="10" count="0" type="stmt"/>
      <line num="12" count="3" type="stmt"/>
      <line num="13" count="3" type="stmt"/>
      <line num="15" count="1" type="stmt"/>
      <line num="18" count="1" type="stmt"/>
      <line num="19" count="1" type="stmt"/>
      <line num="21" count="1" type="stmt"/>
      <line num="22" count="1" type="stmt"/>
      <line num="23" count="1" type="stmt"/>
      <line num="24" count="1" type="stmt"/>
      <line num="25" count="1" type="stmt"/>
      <line num="26" count="1" type="stmt"/>
      <line num="27" count="1" type="stmt"/>
      <line num="28" count="1" type="stmt"/>
      <line num="29" count="6" type="stmt"/>
      <line num="30" count="6" type="cond" truecount="5" falsecount="0"/>
      <line num="31" count="3" type="stmt"/>
      <line num="33" count="3" type="stmt"/>
      <line num="35" count="6" type="stmt"/>
      <line num="36" count="6" type="stmt"/>
      <line num="38" count="1" type="stmt"/>
      <line num="40" count="1" type="stmt"/>
      <line num="41" count="1" type="cond" truecount="1" falsecount="1"/>
      <line num="42" count="0" type="stmt"/>
      <line num="44" count="1" type="stmt"/>
      <line num="45" count="1" type="stmt"/>
      <line num="46" count="1" type="stmt"/>
      <line num="47" count="1" type="stmt"/>
      <line num="49" count="1" type="stmt"/>
    </file>
    <file name="createRandomId.ts" path="/home/captweiss/Documents/githubRepos/myOpenSourcedProject/vridgen/src/createRandomId.ts">
      <metrics statements="23" coveredstatements="22" conditionals="12" coveredconditionals="9" methods="1" coveredmethods="1"/>
      <line num="1" count="1" type="stmt"/>
      <line num="8" count="1" type="stmt"/>
      <line num="9" count="1" type="cond" truecount="3" falsecount="1"/>
      <line num="11" count="1" type="cond" truecount="1" falsecount="1"/>
      <line num="12" count="1" type="stmt"/>
      <line num="15" count="1" type="stmt"/>
      <line num="16" count="1" type="stmt"/>
      <line num="17" count="1" type="stmt"/>
      <line num="20" count="1" type="stmt"/>
      <line num="21" count="6" type="stmt"/>
      <line num="22" count="6" type="cond" truecount="4" falsecount="0"/>
      <line num="23" count="3" type="stmt"/>
      <line num="25" count="3" type="stmt"/>
      <line num="27" count="6" type="stmt"/>
      <line num="28" count="6" type="stmt"/>
      <line num="31" count="1" type="stmt"/>
      <line num="33" count="1" type="stmt"/>
      <line num="34" count="1" type="cond" truecount="1" falsecount="1"/>
      <line num="35" count="0" type="stmt"/>
      <line num="37" count="1" type="stmt"/>
      <line num="39" count="1" type="stmt"/>
      <line num="40" count="1" type="stmt"/>
      <line num="41" count="1" type="stmt"/>
    </file>
    <file name="helper.ts" path="/home/captweiss/Documents/githubRepos/myOpenSourcedProject/vridgen/src/helper.ts">
      <metrics statements="19" coveredstatements="14" conditionals="14" coveredconditionals="5" methods="2" coveredmethods="2"/>
      <line num="5" count="1" type="stmt"/>
      <line num="6" count="1" type="stmt"/>
      <line num="7" count="1" type="stmt"/>
      <line num="8" count="1" type="stmt"/>
      <line num="9" count="1" type="stmt"/>
      <line num="10" count="1" type="stmt"/>
      <line num="30" count="1" type="cond" truecount="1" falsecount="1"/>
      <line num="31" count="1" type="stmt"/>
      <line num="32" count="1" type="cond" truecount="1" falsecount="1"/>
      <line num="34" count="1" type="stmt"/>
      <line num="36" count="1" type="cond" truecount="1" falsecount="1"/>
      <line num="37" count="1" type="cond" truecount="1" falsecount="1"/>
      <line num="38" count="0" type="stmt"/>
      <line num="39" count="0" type="stmt"/>
      <line num="43" count="1" type="cond" truecount="1" falsecount="1"/>
      <line num="44" count="0" type="cond" truecount="0" falsecount="2"/>
      <line num="45" count="0" type="stmt"/>
      <line num="47" count="0" type="stmt"/>
      <line num="52" count="1" type="stmt"/>
    </file>
  </project>
</coverage>
