{"/home/captweiss/Documents/githubRepos/myOpenSourcedProject/vridgen/src/check-id-integrity.ts": {"path":"/home/captweiss/Documents/githubRepos/myOpenSourcedProject/vridgen/src/check-id-integrity.ts","statementMap":{"0":{"start":{"line":4,"column":17},"end":{"line":4,"column":26}},"1":{"start":{"line":5,"column":18},"end":{"line":5,"column":31}},"2":{"start":{"line":6,"column":2},"end":{"line":6,"column":83}},"3":{"start":{"line":6,"column":34},"end":{"line":6,"column":83}},"4":{"start":{"line":10,"column":22},"end":{"line":10,"column":23}},"5":{"start":{"line":11,"column":37},"end":{"line":11,"column":38}},"6":{"start":{"line":12,"column":26},"end":{"line":12,"column":27}},"7":{"start":{"line":13,"column":32},"end":{"line":13,"column":72}},"8":{"start":{"line":14,"column":19},"end":{"line":14,"column":61}},"9":{"start":{"line":17,"column":23},"end":{"line":17,"column":42}},"10":{"start":{"line":18,"column":2},"end":{"line":24,"column":5}},"11":{"start":{"line":19,"column":4},"end":{"line":22,"column":null}},"12":{"start":{"line":20,"column":6},"end":{"line":20,"column":47}},"13":{"start":{"line":21,"column":6},"end":{"line":21,"column":14}},"14":{"start":{"line":23,"column":4},"end":{"line":23,"column":27}},"15":{"start":{"line":25,"column":35},"end":{"line":25,"column":54}},"16":{"start":{"line":26,"column":2},"end":{"line":28,"column":null}},"17":{"start":{"line":27,"column":4},"end":{"line":27,"column":27}},"18":{"start":{"line":29,"column":2},"end":{"line":29,"column":64}},"19":{"start":{"line":30,"column":2},"end":{"line":30,"column":60}},"20":{"start":{"line":30,"column":16},"end":{"line":30,"column":60}},"21":{"start":{"line":31,"column":2},"end":{"line":31,"column":41}},"22":{"start":{"line":1,"column":0},"end":{"line":1,"column":24}}},"fnMap":{"0":{"name":"checkIDIntegrity","decl":{"start":{"line":1,"column":24},"end":{"line":1,"column":40}},"loc":{"start":{"line":2,"column":12},"end":{"line":32,"column":1}}},"1":{"name":"(anonymous_1)","decl":{"start":{"line":18,"column":23},"end":{"line":18,"column":24}},"loc":{"start":{"line":18,"column":29},"end":{"line":24,"column":3}}}},"branchMap":{"0":{"loc":{"start":{"line":6,"column":2},"end":{"line":6,"column":83}},"type":"if","locations":[{"start":{"line":6,"column":2},"end":{"line":6,"column":83}},{"start":{"line":6,"column":2},"end":{"line":6,"column":83}}]},"1":{"loc":{"start":{"line":6,"column":6},"end":{"line":6,"column":17}},"type":"binary-expr","locations":[{"start":{"line":6,"column":6},"end":{"line":6,"column":17}},{"start":{"line":6,"column":21},"end":{"line":6,"column":32}}]},"2":{"loc":{"start":{"line":19,"column":4},"end":{"line":22,"column":null}},"type":"if","locations":[{"start":{"line":19,"column":4},"end":{"line":22,"column":null}},{"start":{"line":19,"column":4},"end":{"line":22,"column":null}}]},"3":{"loc":{"start":{"line":19,"column":9},"end":{"line":19,"column":24}},"type":"binary-expr","locations":[{"start":{"line":19,"column":9},"end":{"line":19,"column":24}},{"start":{"line":19,"column":28},"end":{"line":19,"column":66}},{"start":{"line":19,"column":71},"end":{"line":19,"column":95}}]},"4":{"loc":{"start":{"line":26,"column":2},"end":{"line":28,"column":null}},"type":"if","locations":[{"start":{"line":26,"column":2},"end":{"line":28,"column":null}},{"start":{"line":26,"column":2},"end":{"line":28,"column":null}}]},"5":{"loc":{"start":{"line":29,"column":51},"end":{"line":29,"column":55}},"type":"cond-expr","locations":[{"start":{"line":29,"column":51},"end":{"line":29,"column":55}},{"start":{"line":29,"column":58},"end":{"line":29,"column":63}}]},"6":{"loc":{"start":{"line":30,"column":2},"end":{"line":30,"column":60}},"type":"if","locations":[{"start":{"line":30,"column":2},"end":{"line":30,"column":60}},{"start":{"line":30,"column":2},"end":{"line":30,"column":60}}]}},"s":{"0":1,"1":1,"2":1,"3":0,"4":1,"5":1,"6":1,"7":1,"8":1,"9":1,"10":1,"11":7,"12":6,"13":6,"14":7,"15":1,"16":1,"17":0,"18":1,"19":1,"20":0,"21":1,"22":1},"f":{"0":1,"1":7},"b":{"0":[0,1],"1":[1,1],"2":[6,1],"3":[7,7,6],"4":[0,1],"5":[0,1],"6":[0,1]}}
,"/home/captweiss/Documents/githubRepos/myOpenSourcedProject/vridgen/src/create-random-id.ts": {"path":"/home/captweiss/Documents/githubRepos/myOpenSourcedProject/vridgen/src/create-random-id.ts","statementMap":{"0":{"start":{"line":2,"column":32},"end":{"line":2,"column":41}},"1":{"start":{"line":5,"column":29},"end":{"line":5,"column":31}},"2":{"start":{"line":6,"column":25},"end":{"line":6,"column":26}},"3":{"start":{"line":7,"column":20},"end":{"line":7,"column":34}},"4":{"start":{"line":8,"column":4},"end":{"line":14,"column":null}},"5":{"start":{"line":8,"column":17},"end":{"line":8,"column":18}},"6":{"start":{"line":9,"column":6},"end":{"line":11,"column":null}},"7":{"start":{"line":10,"column":8},"end":{"line":10,"column":36}},"8":{"start":{"line":12,"column":6},"end":{"line":12,"column":74}},"9":{"start":{"line":13,"column":6},"end":{"line":13,"column":29}},"10":{"start":{"line":15,"column":4},"end":{"line":15,"column":18}},"11":{"start":{"line":18,"column":29},"end":{"line":18,"column":31}},"12":{"start":{"line":19,"column":29},"end":{"line":19,"column":33}},"13":{"start":{"line":21,"column":2},"end":{"line":48,"column":null}},"14":{"start":{"line":22,"column":4},"end":{"line":22,"column":17}},"15":{"start":{"line":23,"column":27},"end":{"line":23,"column":48}},"16":{"start":{"line":24,"column":27},"end":{"line":24,"column":29}},"17":{"start":{"line":25,"column":28},"end":{"line":25,"column":29}},"18":{"start":{"line":26,"column":13},"end":{"line":26,"column":21}},"19":{"start":{"line":27,"column":27},"end":{"line":27,"column":29}},"20":{"start":{"line":28,"column":4},"end":{"line":37,"column":null}},"21":{"start":{"line":28,"column":17},"end":{"line":28,"column":18}},"22":{"start":{"line":29,"column":26},"end":{"line":29,"column":56}},"23":{"start":{"line":30,"column":6},"end":{"line":34,"column":null}},"24":{"start":{"line":31,"column":8},"end":{"line":31,"column":30}},"25":{"start":{"line":33,"column":8},"end":{"line":33,"column":28}},"26":{"start":{"line":35,"column":6},"end":{"line":35,"column":25}},"27":{"start":{"line":36,"column":6},"end":{"line":36,"column":35}},"28":{"start":{"line":38,"column":4},"end":{"line":38,"column":45}},"29":{"start":{"line":40,"column":19},"end":{"line":40,"column":38}},"30":{"start":{"line":41,"column":4},"end":{"line":43,"column":null}},"31":{"start":{"line":42,"column":6},"end":{"line":42,"column":19}},"32":{"start":{"line":44,"column":4},"end":{"line":44,"column":26}},"33":{"start":{"line":45,"column":4},"end":{"line":45,"column":35}},"34":{"start":{"line":46,"column":4},"end":{"line":46,"column":31}},"35":{"start":{"line":47,"column":4},"end":{"line":47,"column":35}},"36":{"start":{"line":49,"column":2},"end":{"line":49,"column":22}},"37":{"start":{"line":1,"column":0},"end":{"line":1,"column":24}}},"fnMap":{"0":{"name":"createRandomID","decl":{"start":{"line":1,"column":24},"end":{"line":1,"column":38}},"loc":{"start":{"line":1,"column":65},"end":{"line":50,"column":1}}},"1":{"name":"getElapseDaysInYear","decl":{"start":{"line":4,"column":11},"end":{"line":4,"column":30}},"loc":{"start":{"line":4,"column":30},"end":{"line":16,"column":3}}}},"branchMap":{"0":{"loc":{"start":{"line":9,"column":6},"end":{"line":11,"column":null}},"type":"if","locations":[{"start":{"line":9,"column":6},"end":{"line":11,"column":null}},{"start":{"line":9,"column":6},"end":{"line":11,"column":null}}]},"1":{"loc":{"start":{"line":30,"column":6},"end":{"line":34,"column":null}},"type":"if","locations":[{"start":{"line":30,"column":6},"end":{"line":34,"column":null}},{"start":{"line":30,"column":6},"end":{"line":34,"column":null}}]},"2":{"loc":{"start":{"line":30,"column":10},"end":{"line":30,"column":17}},"type":"binary-expr","locations":[{"start":{"line":30,"column":10},"end":{"line":30,"column":17}},{"start":{"line":30,"column":21},"end":{"line":30,"column":28}},{"start":{"line":30,"column":32},"end":{"line":30,"column":39}}]},"3":{"loc":{"start":{"line":41,"column":4},"end":{"line":43,"column":null}},"type":"if","locations":[{"start":{"line":41,"column":4},"end":{"line":43,"column":null}},{"start":{"line":41,"column":4},"end":{"line":43,"column":null}}]}},"s":{"0":1,"1":1,"2":1,"3":1,"4":1,"5":1,"6":3,"7":0,"8":3,"9":3,"10":1,"11":1,"12":1,"13":1,"14":1,"15":1,"16":1,"17":1,"18":1,"19":1,"20":1,"21":1,"22":6,"23":6,"24":3,"25":3,"26":6,"27":6,"28":1,"29":1,"30":1,"31":0,"32":1,"33":1,"34":1,"35":1,"36":1,"37":1},"f":{"0":1,"1":1},"b":{"0":[0,3],"1":[3,3],"2":[6,5,4],"3":[0,1]}}
,"/home/captweiss/Documents/githubRepos/myOpenSourcedProject/vridgen/src/createRandomId.ts": {"path":"/home/captweiss/Documents/githubRepos/myOpenSourcedProject/vridgen/src/createRandomId.ts","statementMap":{"0":{"start":{"line":1,"column":0},"end":{"line":1,"column":57}},"1":{"start":{"line":9,"column":32},"end":{"line":9,"column":78}},"2":{"start":{"line":11,"column":2},"end":{"line":13,"column":null}},"3":{"start":{"line":12,"column":4},"end":{"line":12,"column":23}},"4":{"start":{"line":15,"column":27},"end":{"line":15,"column":64}},"5":{"start":{"line":16,"column":23},"end":{"line":16,"column":25}},"6":{"start":{"line":17,"column":22},"end":{"line":17,"column":23}},"7":{"start":{"line":20,"column":2},"end":{"line":29,"column":null}},"8":{"start":{"line":20,"column":15},"end":{"line":20,"column":16}},"9":{"start":{"line":21,"column":24},"end":{"line":21,"column":54}},"10":{"start":{"line":22,"column":4},"end":{"line":26,"column":null}},"11":{"start":{"line":23,"column":6},"end":{"line":23,"column":40}},"12":{"start":{"line":25,"column":6},"end":{"line":25,"column":26}},"13":{"start":{"line":27,"column":4},"end":{"line":27,"column":19}},"14":{"start":{"line":28,"column":4},"end":{"line":28,"column":29}},"15":{"start":{"line":31,"column":17},"end":{"line":31,"column":44}},"16":{"start":{"line":33,"column":17},"end":{"line":33,"column":32}},"17":{"start":{"line":34,"column":2},"end":{"line":36,"column":null}},"18":{"start":{"line":35,"column":4},"end":{"line":35,"column":17}},"19":{"start":{"line":37,"column":2},"end":{"line":37,"column":24}},"20":{"start":{"line":39,"column":2},"end":{"line":39,"column":24}},"21":{"start":{"line":40,"column":2},"end":{"line":40,"column":25}},"22":{"start":{"line":41,"column":2},"end":{"line":41,"column":21}},"23":{"start":{"line":8,"column":0},"end":{"line":8,"column":24}}},"fnMap":{"0":{"name":"createRandomID","decl":{"start":{"line":8,"column":24},"end":{"line":8,"column":38}},"loc":{"start":{"line":8,"column":67},"end":{"line":42,"column":1}}}},"branchMap":{"0":{"loc":{"start":{"line":9,"column":33},"end":{"line":9,"column":38}},"type":"cond-expr","locations":[{"start":{"line":9,"column":33},"end":{"line":9,"column":38}},{"start":{"line":9,"column":42},"end":{"line":9,"column":73}}]},"1":{"loc":{"start":{"line":9,"column":33},"end":{"line":9,"column":42}},"type":"binary-expr","locations":[{"start":{"line":9,"column":33},"end":{"line":9,"column":42}},{"start":{"line":9,"column":33},"end":{"line":9,"column":42}}]},"2":{"loc":{"start":{"line":11,"column":2},"end":{"line":13,"column":null}},"type":"if","locations":[{"start":{"line":11,"column":2},"end":{"line":13,"column":null}},{"start":{"line":11,"column":2},"end":{"line":13,"column":null}}]},"3":{"loc":{"start":{"line":22,"column":4},"end":{"line":26,"column":null}},"type":"if","locations":[{"start":{"line":22,"column":4},"end":{"line":26,"column":null}},{"start":{"line":22,"column":4},"end":{"line":26,"column":null}}]},"4":{"loc":{"start":{"line":22,"column":8},"end":{"line":22,"column":13}},"type":"binary-expr","locations":[{"start":{"line":22,"column":8},"end":{"line":22,"column":13}},{"start":{"line":22,"column":17},"end":{"line":22,"column":23}}]},"5":{"loc":{"start":{"line":34,"column":2},"end":{"line":36,"column":null}},"type":"if","locations":[{"start":{"line":34,"column":2},"end":{"line":36,"column":null}},{"start":{"line":34,"column":2},"end":{"line":36,"column":null}}]}},"s":{"0":1,"1":1,"2":1,"3":1,"4":1,"5":1,"6":1,"7":1,"8":1,"9":6,"10":6,"11":3,"12":3,"13":6,"14":6,"15":1,"16":1,"17":1,"18":0,"19":1,"20":1,"21":1,"22":1,"23":1},"f":{"0":1},"b":{"0":[0,1],"1":[1,1],"2":[1,0],"3":[3,3],"4":[6,5],"5":[0,1]}}
,"/home/captweiss/Documents/githubRepos/myOpenSourcedProject/vridgen/src/helper.ts": {"path":"/home/captweiss/Documents/githubRepos/myOpenSourcedProject/vridgen/src/helper.ts","statementMap":{"0":{"start":{"line":6,"column":14},"end":{"line":6,"column":24}},"1":{"start":{"line":7,"column":16},"end":{"line":7,"column":49}},"2":{"start":{"line":8,"column":15},"end":{"line":8,"column":118}},"3":{"start":{"line":9,"column":17},"end":{"line":9,"column":36}},"4":{"start":{"line":10,"column":2},"end":{"line":10,"column":35}},"5":{"start":{"line":5,"column":0},"end":{"line":5,"column":16}},"6":{"start":{"line":30,"column":50},"end":{"line":30,"column":null}},"7":{"start":{"line":31,"column":2},"end":{"line":31,"column":30}},"8":{"start":{"line":32,"column":2},"end":{"line":32,"column":73}},"9":{"start":{"line":32,"column":46},"end":{"line":32,"column":73}},"10":{"start":{"line":34,"column":27},"end":{"line":34,"column":68}},"11":{"start":{"line":36,"column":2},"end":{"line":51,"column":null}},"12":{"start":{"line":37,"column":4},"end":{"line":50,"column":null}},"13":{"start":{"line":38,"column":22},"end":{"line":38,"column":81}},"14":{"start":{"line":39,"column":6},"end":{"line":41,"column":44}},"15":{"start":{"line":43,"column":6},"end":{"line":49,"column":null}},"16":{"start":{"line":44,"column":8},"end":{"line":48,"column":null}},"17":{"start":{"line":45,"column":10},"end":{"line":45,"column":81}},"18":{"start":{"line":47,"column":10},"end":{"line":47,"column":51}},"19":{"start":{"line":52,"column":2},"end":{"line":52,"column":26}},"20":{"start":{"line":30,"column":0},"end":{"line":30,"column":16}}},"fnMap":{"0":{"name":"getYearDay","decl":{"start":{"line":5,"column":16},"end":{"line":5,"column":26}},"loc":{"start":{"line":5,"column":26},"end":{"line":11,"column":1}}},"1":{"name":"paddedNumberArray","decl":{"start":{"line":30,"column":16},"end":{"line":30,"column":33}},"loc":{"start":{"line":30,"column":89},"end":{"line":53,"column":1}}}},"branchMap":{"0":{"loc":{"start":{"line":30,"column":50},"end":{"line":30,"column":null}},"type":"if","locations":[{"start":{"line":30,"column":50},"end":{"line":30,"column":null}},{"start":{"line":30,"column":50},"end":{"line":30,"column":null}}]},"1":{"loc":{"start":{"line":32,"column":2},"end":{"line":32,"column":73}},"type":"if","locations":[{"start":{"line":32,"column":2},"end":{"line":32,"column":73}},{"start":{"line":32,"column":2},"end":{"line":32,"column":73}}]},"2":{"loc":{"start":{"line":36,"column":2},"end":{"line":51,"column":null}},"type":"if","locations":[{"start":{"line":36,"column":2},"end":{"line":51,"column":null}},{"start":{"line":36,"column":2},"end":{"line":51,"column":null}}]},"3":{"loc":{"start":{"line":37,"column":4},"end":{"line":50,"column":null}},"type":"if","locations":[{"start":{"line":37,"column":4},"end":{"line":50,"column":null}},{"start":{"line":37,"column":4},"end":{"line":50,"column":null}}]},"4":{"loc":{"start":{"line":40,"column":10},"end":{"line":40,"column":null}},"type":"cond-expr","locations":[{"start":{"line":40,"column":10},"end":{"line":40,"column":null}},{"start":{"line":41,"column":10},"end":{"line":41,"column":43}}]},"5":{"loc":{"start":{"line":43,"column":6},"end":{"line":49,"column":null}},"type":"if","locations":[{"start":{"line":43,"column":6},"end":{"line":49,"column":null}},{"start":{"line":43,"column":6},"end":{"line":49,"column":null}}]},"6":{"loc":{"start":{"line":44,"column":8},"end":{"line":48,"column":null}},"type":"if","locations":[{"start":{"line":44,"column":8},"end":{"line":48,"column":null}},{"start":{"line":44,"column":8},"end":{"line":48,"column":null}}]}},"s":{"0":1,"1":1,"2":1,"3":1,"4":1,"5":1,"6":1,"7":1,"8":1,"9":1,"10":1,"11":1,"12":1,"13":0,"14":0,"15":1,"16":0,"17":0,"18":0,"19":1,"20":1},"f":{"0":1,"1":1},"b":{"0":[0,1],"1":[1,0],"2":[1,0],"3":[0,1],"4":[0,0],"5":[0,1],"6":[0,0]}}
}
