TN:
SF:src/check-id-integrity.ts
FN:1,checkIDIntegrity
FN:18,(anonymous_1)
FNF:2
FNH:2
FNDA:1,checkIDIntegrity
FNDA:7,(anonymous_1)
DA:1,1
DA:4,1
DA:5,1
DA:6,1
DA:10,1
DA:11,1
DA:12,1
DA:13,1
DA:14,1
DA:17,1
DA:18,1
DA:19,7
DA:20,6
DA:21,6
DA:23,7
DA:25,1
DA:26,1
DA:27,0
DA:29,1
DA:30,1
DA:31,1
LF:21
LH:20
BRDA:6,0,0,0
BRDA:6,0,1,1
BRDA:6,1,0,1
BRDA:6,1,1,1
BRDA:19,2,0,6
BRDA:19,2,1,1
BRDA:19,3,0,7
BRDA:19,3,1,7
BRDA:19,3,2,6
BRDA:26,4,0,0
BRDA:26,4,1,1
BRDA:29,5,0,0
BRDA:29,5,1,1
BRDA:30,6,0,0
BRDA:30,6,1,1
BRF:15
BRH:11
end_of_record
TN:
SF:src/create-random-id.ts
FN:1,createRandomID
FN:4,getElapseDaysInYear
FNF:2
FNH:2
FNDA:1,createRandomID
FNDA:1,getElapseDaysInYear
DA:1,1
DA:2,1
DA:5,1
DA:6,1
DA:7,1
DA:8,1
DA:9,3
DA:10,0
DA:12,3
DA:13,3
DA:15,1
DA:18,1
DA:19,1
DA:21,1
DA:22,1
DA:23,1
DA:24,1
DA:25,1
DA:26,1
DA:27,1
DA:28,1
DA:29,6
DA:30,6
DA:31,3
DA:33,3
DA:35,6
DA:36,6
DA:38,1
DA:40,1
DA:41,1
DA:42,0
DA:44,1
DA:45,1
DA:46,1
DA:47,1
DA:49,1
LF:36
LH:34
BRDA:9,0,0,0
BRDA:9,0,1,3
BRDA:30,1,0,3
BRDA:30,1,1,3
BRDA:30,2,0,6
BRDA:30,2,1,5
BRDA:30,2,2,4
BRDA:41,3,0,0
BRDA:41,3,1,1
BRF:9
BRH:7
end_of_record
TN:
SF:src/createRandomId.ts
FN:8,createRandomID
FNF:1
FNH:1
FNDA:1,createRandomID
DA:1,1
DA:8,1
DA:9,1
DA:11,1
DA:12,1
DA:15,1
DA:16,1
DA:17,1
DA:20,1
DA:21,6
DA:22,6
DA:23,3
DA:25,3
DA:27,6
DA:28,6
DA:31,1
DA:33,1
DA:34,1
DA:35,0
DA:37,1
DA:39,1
DA:40,1
DA:41,1
LF:23
LH:22
BRDA:9,0,0,0
BRDA:9,0,1,1
BRDA:9,1,0,1
BRDA:9,1,1,1
BRDA:11,2,0,1
BRDA:11,2,1,0
BRDA:22,3,0,3
BRDA:22,3,1,3
BRDA:22,4,0,6
BRDA:22,4,1,5
BRDA:34,5,0,0
BRDA:34,5,1,1
BRF:12
BRH:9
end_of_record
TN:
SF:src/helper.ts
FN:5,getYearDay
FN:30,paddedNumberArray
FNF:2
FNH:2
FNDA:1,getYearDay
FNDA:1,paddedNumberArray
DA:5,1
DA:6,1
DA:7,1
DA:8,1
DA:9,1
DA:10,1
DA:30,1
DA:31,1
DA:32,1
DA:34,1
DA:36,1
DA:37,1
DA:38,0
DA:39,0
DA:43,1
DA:44,0
DA:45,0
DA:47,0
DA:52,1
LF:19
LH:14
BRDA:30,0,0,0
BRDA:30,0,1,1
BRDA:32,1,0,1
BRDA:32,1,1,0
BRDA:36,2,0,1
BRDA:36,2,1,0
BRDA:37,3,0,0
BRDA:37,3,1,1
BRDA:40,4,0,0
BRDA:40,4,1,0
BRDA:43,5,0,0
BRDA:43,5,1,1
BRDA:44,6,0,0
BRDA:44,6,1,0
BRF:14
BRH:5
end_of_record
